05-04-2010	17:58:46	21128	Starting Winspector
05-04-2010	17:58:46	21128	Checking for other instance
05-04-2010	17:58:46	21128	Finished checking for other instance
05-04-2010	17:58:46	21128	Loading settings
05-04-2010	17:58:46	21128	Finished loading settings
05-04-2010	17:58:46	21128	LoadStdProfileSettings
05-04-2010	17:58:46	21128	Creating doc/view templates
05-04-2010	17:58:46	21128	Creating mainframe
05-04-2010	17:58:46	13692	Detaching from process C:\Program Files\DAEMON Tools Lite\daemon.exe
05-04-2010	17:58:46	13692	Detached from process C:\Program Files\DAEMON Tools Lite\daemon.exe
05-04-2010	17:58:46	21236	Detaching from process C:\Program Files\VMware\VMware Workstation\vmware-vmx.exe
05-04-2010	17:58:46	21236	Detached from process C:\Program Files\VMware\VMware Workstation\vmware-vmx.exe
05-04-2010	17:58:46	20084	Detaching from process C:\Windows\explorer.exe
05-04-2010	17:58:46	20084	Detached from process C:\Windows\explorer.exe
05-04-2010	17:58:46	15032	Detaching from process C:\Windows\explorer.exe
05-04-2010	17:58:46	15032	Detached from process C:\Windows\explorer.exe
05-04-2010	17:58:46	12808	Detaching from process C:\Users\Chris\AppData\Roaming\Dropbox\bin\Dropbox.exe
05-04-2010	17:58:46	12808	Detached from process C:\Users\Chris\AppData\Roaming\Dropbox\bin\Dropbox.exe
05-04-2010	17:58:46	9132	Detaching from process C:\Program Files\TortoiseSVN\bin\TSVNCache.exe
05-04-2010	17:58:46	9132	Detached from process C:\Program Files\TortoiseSVN\bin\TSVNCache.exe
05-04-2010	17:58:46	13324	Detaching from process C:\Windows\system32\Dwm.exe
05-04-2010	17:58:46	13324	Detached from process C:\Windows\system32\Dwm.exe
05-04-2010	17:58:46	21128	Showing the main window
05-04-2010	17:58:46	21128	Tracking the current instance
05-04-2010	17:58:46	21128	CMessageDecoder::LoadCustomMessages
05-04-2010	17:58:46	21128	Loading external messages file C:\Program Files\Autohotkey\Winspector\xml-files\qhtm.messages
05-04-2010	17:58:46	21128	Attached to process C:\Program Files\Autohotkey\Winspector\WinspectorU.exe
05-04-2010	17:58:46	21128	New watcher window 003d0f12
05-04-2010	17:58:46	21128	Sending message to corece windows alive
05-04-2010	17:58:46	8812	CMessageDecoder::LoadCustomMessages
05-04-2010	17:58:46	8812	Attached to process C:\Program Files\AutoHotkey\AutoHotkey_L.exe
05-04-2010	17:58:46	13536	CMessageDecoder::LoadCustomMessages
05-04-2010	17:58:46	11172	CMessageDecoder::LoadCustomMessages
05-04-2010	17:58:46	3212	CMessageDecoder::LoadCustomMessages
05-04-2010	17:58:46	3212	Attached to process C:\Windows\explorer.exe
05-04-2010	17:58:46	11172	Attached to process C:\Program Files\Adobe\Reader 9.0\Reader\AcroRd32.exe
05-04-2010	17:58:46	13324	CMessageDecoder::LoadCustomMessages
05-04-2010	17:58:46	13324	Attached to process C:\Windows\system32\Dwm.exe
05-04-2010	17:58:46	22240	CMessageDecoder::LoadCustomMessages
05-04-2010	17:58:46	22240	Attached to process C:\Program Files\Skype\Phone\Skype.exe
05-04-2010	17:58:46	13536	Attached to process C:\Program Files\Executor\Executor.exe
05-04-2010	17:58:46	20404	CMessageDecoder::LoadCustomMessages
05-04-2010	17:58:46	21496	CMessageDecoder::LoadCustomMessages
05-04-2010	17:58:46	21496	Attached to process C:\Program Files\Opera\opera.exe
05-04-2010	17:58:46	24540	CMessageDecoder::LoadCustomMessages
05-04-2010	17:58:46	11760	CMessageDecoder::LoadCustomMessages
05-04-2010	17:58:46	24540	Attached to process C:\Program Files\System Explorer\SystemExplorer.exe
05-04-2010	17:58:46	11760	Attached to process C:\Program Files\Trillian\trillian.exe
05-04-2010	17:58:46	20404	Attached to process C:\Program Files\Autohotkey\DebugView\Dbgview.exe
05-04-2010	17:58:46	14320	CMessageDecoder::LoadCustomMessages
05-04-2010	17:58:46	14320	Attached to process C:\Program Files\AdiIRC\AdiIRC.exe
05-04-2010	17:58:46	13692	CMessageDecoder::LoadCustomMessages
05-04-2010	17:58:46	13692	Attached to process C:\Program Files\DAEMON Tools Lite\daemon.exe
05-04-2010	17:58:46	2268	CMessageDecoder::LoadCustomMessages
05-04-2010	17:58:46	2268	Attached to process C:\Windows\explorer.exe
05-04-2010	17:58:46	7904	CMessageDecoder::LoadCustomMessages
05-04-2010	17:58:46	7904	Attached to process C:\Program Files\PsPad\PSPad.exe
05-04-2010	17:58:46	5608	CMessageDecoder::LoadCustomMessages
05-04-2010	17:58:46	5608	Attached to process C:\Program Files\VMware\VMware Workstation\vmware.exe
05-04-2010	17:58:46	13784	CMessageDecoder::LoadCustomMessages
05-04-2010	17:58:46	13784	Attached to process C:\Program Files\TrueCrypt\TrueCrypt.exe
05-04-2010	17:58:46	21236	CMessageDecoder::LoadCustomMessages
05-04-2010	17:58:46	21236	Attached to process C:\Program Files\VMware\VMware Workstation\vmware-vmx.exe
05-04-2010	17:58:46	20084	CMessageDecoder::LoadCustomMessages
05-04-2010	17:58:46	20084	Attached to process C:\Windows\explorer.exe
05-04-2010	17:58:46	15032	CMessageDecoder::LoadCustomMessages
05-04-2010	17:58:46	15032	Attached to process C:\Windows\explorer.exe
05-04-2010	17:58:46	12808	CMessageDecoder::LoadCustomMessages
05-04-2010	17:58:46	12808	Attached to process C:\Users\Chris\AppData\Roaming\Dropbox\bin\Dropbox.exe
05-04-2010	17:58:46	9132	CMessageDecoder::LoadCustomMessages
05-04-2010	17:58:46	9132	Attached to process C:\Program Files\TortoiseSVN\bin\TSVNCache.exe
05-04-2010	17:58:46	13460	CMessageDecoder::LoadCustomMessages
05-04-2010	17:58:46	13460	Attached to process C:\Windows\system32\taskhost.exe
05-04-2010	17:58:46	21128	Started main hooks
05-04-2010	17:58:46	21128	Running watcher thread message loop
05-04-2010	17:58:55	22516	CMessageDecoder::LoadCustomMessages
05-04-2010	17:58:55	22516	Attached to process C:\Program Files\TrueCrypt\TrueCrypt.exe
05-04-2010	17:58:55	22516	Detaching from process C:\Program Files\TrueCrypt\TrueCrypt.exe
05-04-2010	17:58:55	22516	Detached from process C:\Program Files\TrueCrypt\TrueCrypt.exe
05-04-2010	17:59:14	23344	CMessageDecoder::LoadCustomMessages
05-04-2010	17:59:14	23344	Attached to process C:\Windows\system32\DllHost.exe
05-04-2010	17:59:24	18104	CMessageDecoder::LoadCustomMessages
05-04-2010	17:59:24	18104	Attached to process C:\Windows\system32\DllHost.exe
05-04-2010	17:59:38	2268	Adding watch for window 000e0f06
05-04-2010	17:59:41	21128	WinspectorU.exe caused a EXCEPTION_ACCESS_VIOLATION in module WinspectorU.exe at 001B:00420F69
05-04-2010	17:59:41	21128	EAX=03040000  EBX=01BBCE20  ECX=0000001E  EDX=00000000  ESI=01BBD698
EDI=00000000  EBP=01BBCE78  ESP=0303FA00  EIP=00420F69  FLG=00010206
CS=001B   DS=0023  SS=0023  ES=0023   FS=003B  GS=0000
05-04-2010	17:59:41	21128	001B:00420F69 (0x0303FE18 0x00000112 0x00000006 0x0303FCD0) WinspectorU.exe
05-04-2010	17:59:41	21128	001B:0041AE85 (0x01B70000 0x00000000 0x00000010 0x00000010) WinspectorU.exe
05-04-2010	17:59:41	2268	SendMessage timeout

05-04-2010	17:59:41	13460	SendMessage timeout
05-04-2010	17:59:41	8812	SendMessage timeout
05-04-2010	17:59:41	8812	SendMessage timeout
05-04-2010	17:59:41	8812	SendMessage timeout
05-04-2010	17:59:41	8812	SendMessage timeout
05-04-2010	17:59:41	8812	SendMessage timeout
05-04-2010	17:59:42	8812	SendMessage timeout
05-04-2010	17:59:42	8812	SendMessage timeout
05-04-2010	17:59:42	8812	SendMessage timeout
05-04-2010	17:59:42	3212	SendMessage timeout
05-04-2010	17:59:42	8812	SendMessage timeout
05-04-2010	17:59:42	8812	SendMessage timeout
05-04-2010	17:59:42	13460	SendMessage timeout
05-04-2010	17:59:42	8812	SendMessage timeout
05-04-2010	17:59:42	8812	SendMessage timeout
05-04-2010	17:59:43	3212	SendMessage timeout
05-04-2010	17:59:43	3212	SendMessage timeout
05-04-2010	17:59:43	8812	SendMessage timeout
05-04-2010	17:59:43	8812	SendMessage timeout
05-04-2010	17:59:43	8812	SendMessage timeout
05-04-2010	17:59:43	8812	SendMessage timeout
05-04-2010	17:59:43	8812	SendMessage timeout
05-04-2010	17:59:43	8812	SendMessage timeout
05-04-2010	17:59:43	8812	SendMessage timeout
05-04-2010	17:59:43	8812	SendMessage timeout
05-04-2010	17:59:44	8812	SendMessage timeout
05-04-2010	17:59:44	3212	SendMessage timeout
05-04-2010	17:59:44	8812	SendMessage timeout
05-04-2010	17:59:44	3212	SendMessage timeout
05-04-2010	17:59:44	8812	SendMessage timeout
05-04-2010	17:59:44	3212	SendMessage timeout
05-04-2010	17:59:44	8812	SendMessage timeout
05-04-2010	17:59:44	8812	SendMessage timeout
05-04-2010	17:59:44	11760	SendMessage timeout
05-04-2010	17:59:45	11760	SendMessage timeout
05-04-2010	17:59:45	8812	SendMessage timeout
05-04-2010	17:59:45	11760	SendMessage timeout
05-04-2010	17:59:45	8812	SendMessage timeout
05-04-2010	17:59:45	8812	SendMessage timeout
05-04-2010	17:59:45	8812	SendMessage timeout
05-04-2010	17:59:46	8812	SendMessage timeout
05-04-2010	18:01:17	2268	Unknown message 0x000000ae sent to class CabinetWClass
05-04-2010	18:01:17	2268	Unknown message 0x000000ae sent to class CabinetWClass
05-04-2010	18:01:23	8812	SendMessage timeout
05-04-2010	18:01:25	8812	SendMessage timeout
05-04-2010	18:01:30	8812	SendMessage timeout
05-04-2010	18:01:32	8812	SendMessage timeout
05-04-2010	18:01:33	8812	SendMessage timeout
05-04-2010	18:01:37	8812	SendMessage timeout
05-04-2010	18:01:37	8812	SendMessage timeout
05-04-2010	18:02:01	8812	SendMessage timeout
05-04-2010	18:02:11	8812	SendMessage timeout
05-04-2010	18:02:29	2268	Removing watch for window 000e0f06
05-04-2010	18:02:37	2268	Adding watch for window 000e0f06
05-04-2010	18:03:15	8812	SendMessage timeout
05-04-2010	18:03:15	8812	SendMessage timeout
05-04-2010	18:05:33	8812	SendMessage timeout
05-04-2010	18:06:12	8812	Detaching from process C:\Program Files\AutoHotkey\AutoHotkey_L.exe
05-04-2010	18:06:12	8812	Detached from process C:\Program Files\AutoHotkey\AutoHotkey_L.exe
05-04-2010	18:06:13	22764	CMessageDecoder::LoadCustomMessages
05-04-2010	18:06:13	22764	Attached to process C:\Program Files\AutoHotkey\AutoHotkey_L.exe
05-04-2010	18:06:13	20404	Detaching from process C:\Program Files\Autohotkey\DebugView\Dbgview.exe
05-04-2010	18:06:13	20404	Detached from process C:\Program Files\Autohotkey\DebugView\Dbgview.exe
05-04-2010	18:06:13	20872	CMessageDecoder::LoadCustomMessages
05-04-2010	18:06:13	20872	Attached to process C:\Program Files\Autohotkey\DebugView\Dbgview.exe
05-04-2010	18:07:57	3212	SendMessage timeout
05-04-2010	18:07:57	22764	SendMessage timeout
05-04-2010	18:09:47	22764	SendMessage timeout
05-04-2010	18:12:09	22764	Detaching from process C:\Program Files\AutoHotkey\AutoHotkey_L.exe
05-04-2010	18:12:09	22764	Detached from process C:\Program Files\AutoHotkey\AutoHotkey_L.exe
05-04-2010	18:12:09	23868	CMessageDecoder::LoadCustomMessages
05-04-2010	18:12:09	23868	Attached to process C:\Program Files\AutoHotkey\AutoHotkey_L.exe
05-04-2010	18:12:09	20872	Detaching from process C:\Program Files\Autohotkey\DebugView\Dbgview.exe
05-04-2010	18:12:09	20872	Detached from process C:\Program Files\Autohotkey\DebugView\Dbgview.exe
05-04-2010	18:12:09	8432	CMessageDecoder::LoadCustomMessages
05-04-2010	18:12:09	8432	Attached to process C:\Program Files\Autohotkey\DebugView\Dbgview.exe
05-04-2010	18:12:16	2268	Unknown message 0x000000ae sent to class CabinetWClass
05-04-2010	18:12:16	2268	Unknown message 0x000000ae sent to class CabinetWClass
05-04-2010	18:12:16	2268	Unknown message 0x000000ae sent to class CabinetWClass
05-04-2010	18:12:16	2268	Unknown message 0x000000ae sent to class CabinetWClass
05-04-2010	18:12:16	2268	Unknown message 0x000000ae sent to class CabinetWClass
05-04-2010	18:12:16	2268	Unknown message 0x000000ae sent to class CabinetWClass
05-04-2010	18:12:16	2268	Unknown message 0x000000ae sent to class CabinetWClass
05-04-2010	18:12:16	2268	Unknown message 0x000000ae sent to class CabinetWClass
05-04-2010	18:12:21	2268	Unknown message 0x000000ae sent to class CabinetWClass
05-04-2010	18:12:21	2268	Unknown message 0x000000ae sent to class CabinetWClass
05-04-2010	18:12:21	2268	Unknown message 0x000000ae sent to class CabinetWClass
05-04-2010	18:12:21	2268	Unknown message 0x000000ae sent to class CabinetWClass
05-04-2010	18:12:21	2268	Unknown message 0x000000ae sent to class CabinetWClass
05-04-2010	18:12:21	2268	Unknown message 0x000000ae sent to class CabinetWClass
05-04-2010	18:12:21	2268	Unknown message 0x000000ae sent to class CabinetWClass
05-04-2010	18:12:21	2268	Unknown message 0x000000ae sent to class CabinetWClass
05-04-2010	18:12:33	23868	Detaching from process C:\Program Files\AutoHotkey\AutoHotkey_L.exe
05-04-2010	18:12:33	23868	Detached from process C:\Program Files\AutoHotkey\AutoHotkey_L.exe
05-04-2010	18:12:33	24036	CMessageDecoder::LoadCustomMessages
05-04-2010	18:12:33	24036	Attached to process C:\Program Files\AutoHotkey\AutoHotkey_L.exe
05-04-2010	18:12:33	8432	Detaching from process C:\Program Files\Autohotkey\DebugView\Dbgview.exe
05-04-2010	18:12:33	8432	Detached from process C:\Program Files\Autohotkey\DebugView\Dbgview.exe
05-04-2010	18:12:33	9000	CMessageDecoder::LoadCustomMessages
05-04-2010	18:12:33	9000	Attached to process C:\Program Files\Autohotkey\DebugView\Dbgview.exe
05-04-2010	18:12:47	24036	Detaching from process C:\Program Files\AutoHotkey\AutoHotkey_L.exe
05-04-2010	18:12:47	24036	Detached from process C:\Program Files\AutoHotkey\AutoHotkey_L.exe
05-04-2010	18:12:47	22712	CMessageDecoder::LoadCustomMessages
05-04-2010	18:12:47	22712	Attached to process C:\Program Files\AutoHotkey\AutoHotkey_L.exe
05-04-2010	18:12:47	9000	Detaching from process C:\Program Files\Autohotkey\DebugView\Dbgview.exe
05-04-2010	18:12:47	9000	Detached from process C:\Program Files\Autohotkey\DebugView\Dbgview.exe
05-04-2010	18:12:47	12072	CMessageDecoder::LoadCustomMessages
05-04-2010	18:12:47	12072	Attached to process C:\Program Files\Autohotkey\DebugView\Dbgview.exe
05-04-2010	18:12:56	2268	Unknown message 0x00000090 sent to class CabinetWClass
05-04-2010	18:12:56	2268	Unknown message 0x00000090 sent to class CabinetWClass
05-04-2010	18:13:01	24176	CMessageDecoder::LoadCustomMessages
05-04-2010	18:13:01	24176	Attached to process C:\Windows\explorer.exe
05-04-2010	18:13:01	1272	CMessageDecoder::LoadCustomMessages
05-04-2010	18:13:01	1272	Attached to process C:\Windows\explorer.exe
05-04-2010	18:13:01	24176	Detaching from process C:\Windows\explorer.exe
05-04-2010	18:13:01	24176	Detached from process C:\Windows\explorer.exe
05-04-2010	18:13:02	13784	Detaching from process C:\Program Files\TrueCrypt\TrueCrypt.exe
05-04-2010	18:13:02	22712	Detaching from process C:\Program Files\AutoHotkey\AutoHotkey_L.exe
05-04-2010	18:13:02	13784	Detached from process C:\Program Files\TrueCrypt\TrueCrypt.exe
05-04-2010	18:13:02	7904	Detaching from process C:\Program Files\PsPad\PSPad.exe
05-04-2010	18:13:02	7904	Detached from process C:\Program Files\PsPad\PSPad.exe
05-04-2010	18:13:02	24540	Detaching from process C:\Program Files\System Explorer\SystemExplorer.exe
05-04-2010	18:13:02	24540	Detached from process C:\Program Files\System Explorer\SystemExplorer.exe
05-04-2010	18:13:02	13692	Detaching from process C:\Program Files\DAEMON Tools Lite\daemon.exe
05-04-2010	18:13:02	13692	Detached from process C:\Program Files\DAEMON Tools Lite\daemon.exe
05-04-2010	18:13:02	1272	Detaching from process C:\Windows\explorer.exe
05-04-2010	18:13:02	1272	Detached from process C:\Windows\explorer.exe
05-04-2010	18:13:02	20084	Detaching from process C:\Windows\explorer.exe
05-04-2010	18:13:02	3212	Detaching from process C:\Windows\explorer.exe
05-04-2010	18:13:02	12808	Detaching from process C:\Users\Chris\AppData\Roaming\Dropbox\bin\Dropbox.exe
05-04-2010	18:13:02	11172	Detaching from process C:\Program Files\Adobe\Reader 9.0\Reader\AcroRd32.exe
05-04-2010	18:13:02	22712	Detached from process C:\Program Files\AutoHotkey\AutoHotkey_L.exe
05-04-2010	18:13:02	11172	Detached from process C:\Program Files\Adobe\Reader 9.0\Reader\AcroRd32.exe
05-04-2010	18:13:02	14320	Detaching from process C:\Program Files\AdiIRC\AdiIRC.exe
05-04-2010	18:13:02	14320	Detached from process C:\Program Files\AdiIRC\AdiIRC.exe
05-04-2010	18:13:02	22240	Detaching from process C:\Program Files\Skype\Phone\Skype.exe
05-04-2010	18:13:02	22240	Detached from process C:\Program Files\Skype\Phone\Skype.exe
05-04-2010	18:13:02	11760	Detaching from process C:\Program Files\Trillian\trillian.exe
05-04-2010	18:13:02	11760	Detached from process C:\Program Files\Trillian\trillian.exe
05-04-2010	18:13:02	13460	Detaching from process C:\Windows\system32\taskhost.exe
05-04-2010	18:13:02	13460	Detached from process C:\Windows\system32\taskhost.exe
05-04-2010	18:13:02	20084	Detached from process C:\Windows\explorer.exe
05-04-2010	18:13:02	13536	Detaching from process C:\Program Files\Executor\Executor.exe
05-04-2010	18:13:02	13536	Detached from process C:\Program Files\Executor\Executor.exe
05-04-2010	18:13:02	3212	Detached from process C:\Windows\explorer.exe
05-04-2010	18:13:02	5608	Detaching from process C:\Program Files\VMware\VMware Workstation\vmware.exe
05-04-2010	18:13:02	5608	Detached from process C:\Program Files\VMware\VMware Workstation\vmware.exe
05-04-2010	18:13:02	9132	Detaching from process C:\Program Files\TortoiseSVN\bin\TSVNCache.exe
05-04-2010	18:13:02	9132	Detached from process C:\Program Files\TortoiseSVN\bin\TSVNCache.exe
05-04-2010	18:13:02	12072	Detaching from process C:\Program Files\Autohotkey\DebugView\Dbgview.exe
05-04-2010	18:13:02	12072	Detached from process C:\Program Files\Autohotkey\DebugView\Dbgview.exe
05-04-2010	18:13:02	15032	Detaching from process C:\Windows\explorer.exe
05-04-2010	18:13:02	15032	Detached from process C:\Windows\explorer.exe
05-04-2010	18:13:02	21496	Detaching from process C:\Program Files\Opera\opera.exe
05-04-2010	18:13:02	21496	Detached from process C:\Program Files\Opera\opera.exe
05-04-2010	18:13:02	12808	Detached from process C:\Users\Chris\AppData\Roaming\Dropbox\bin\Dropbox.exe
05-04-2010	18:13:03	2268	Detaching from process C:\Windows\explorer.exe
05-04-2010	18:13:03	2268	Detached from process C:\Windows\explorer.exe
05-04-2010	18:13:30	13324	Detaching from process C:\Windows\system32\Dwm.exe
05-04-2010	18:13:30	13324	Detached from process C:\Windows\system32\Dwm.exe
05-04-2010	18:14:31	21236	Detaching from process C:\Program Files\VMware\VMware Workstation\vmware-vmx.exe
05-04-2010	18:14:31	21236	Detached from process C:\Program Files\VMware\VMware Workstation\vmware-vmx.exe
